Recibido: Array
(
    [idped] => 9
)

Recibido: Array
(
    [idped] => 9
)

Recibido: Array
(
    [idped] => 5
)

Recibido: Array
(
    [idped] => 6
)

Recibido: 
Recibido: Array
(
    [estped] => En Reparto
)

Recibido: Array
(
    [estped] => Enviado
)

Recibido: Array
(
    [estped] => Enviado
)

Recibido: Array
(
    [estped] => Enviado
)

Recibido: Array
(
    [estped] => Enviado
)

Raw JSON: {"estped":"Enviado"}
Decoded JSON: Array
(
    [estped] => Enviado
)

Recibido: Array
(
    [idped] => 34
)

Recibido: 
Formulario enviado con POST: Array
(
    [nomprov] => DavidX
    [idusu] => 20
    [dirrecprov] => Vereda la balsa calle 9a Sur
    [idubi] => 25
    [url] => 
    [nit] => 2121
    [desprv] => Todo lo que quieres a tu alcance
)
Datos enviados a la consulta: Array
(
    [nomprov] => DavidX
    [idusu] => 20
    [dirrecprov] => Vereda la balsa calle 9a Sur
    [idubi] => 25
    [url] => 
    [nit] => 2121
    [desprv] => Todo lo que quieres a tu alcance
    [estado] => 
)
Recibido: 
Recibido: Array
(
    [idped] => 26
)

Recibido: 
Recibido: 
