
[14-Dec-2024 01:07:31 Europe/Berlin] PHP Warning:  ini_set(): Session ini settings cannot be changed when a session is active in C:\xampp\htdocs\shoop\controller\cpancon.php on line 2
[14-Dec-2024 01:07:31 Europe/Berlin] PHP Warning:  ini_set(): Session ini settings cannot be changed when a session is active in C:\xampp\htdocs\shoop\controller\cpancon.php on line 3
[14-Dec-2024 01:07:31 Europe/Berlin] PHP Warning:  ini_set(): Session ini settings cannot be changed when a session is active in C:\xampp\htdocs\shoop\controller\cpancon.php on line 4
[14-Dec-2024 01:07:31 Europe/Berlin] PHP Notice:  session_start(): Ignoring session_start() because a session is already active in C:\xampp\htdocs\shoop\controller\cpancon.php on line 5
[14-Dec-2024 01:07:31 Europe/Berlin] PHP Warning:  Undefined variable $totalResults in C:\xampp\htdocs\shoop\controller\cpancon.php on line 52
[14-Dec-2024 01:07:31 Europe/Berlin] PHP Warning:  Undefined variable $totalResults in C:\xampp\htdocs\shoop\controller\cpancon.php on line 55
[14-Dec-2024 01:07:32 Europe/Berlin] PHP Warning:  ini_set(): Session ini settings cannot be changed when a session is active in C:\xampp\htdocs\shoop\controller\cpancon.php on line 2
[14-Dec-2024 01:07:32 Europe/Berlin] PHP Warning:  ini_set(): Session ini settings cannot be changed when a session is active in C:\xampp\htdocs\shoop\controller\cpancon.php on line 3
[14-Dec-2024 01:07:32 Europe/Berlin] PHP Warning:  ini_set(): Session ini settings cannot be changed when a session is active in C:\xampp\htdocs\shoop\controller\cpancon.php on line 4
[14-Dec-2024 01:07:32 Europe/Berlin] PHP Notice:  session_start(): Ignoring session_start() because a session is already active in C:\xampp\htdocs\shoop\controller\cpancon.php on line 5
[14-Dec-2024 01:07:32 Europe/Berlin] PHP Warning:  Undefined variable $totalResults in C:\xampp\htdocs\shoop\controller\cpancon.php on line 52
[14-Dec-2024 01:07:32 Europe/Berlin] PHP Warning:  Undefined variable $totalResults in C:\xampp\htdocs\shoop\controller\cpancon.php on line 55
[14-Dec-2024 01:10:07 Europe/Berlin] PHP Warning:  ini_set(): Session ini settings cannot be changed when a session is active in C:\xampp\htdocs\shoop\controller\cpancon.php on line 2
[14-Dec-2024 01:10:07 Europe/Berlin] PHP Warning:  ini_set(): Session ini settings cannot be changed when a session is active in C:\xampp\htdocs\shoop\controller\cpancon.php on line 3
[14-Dec-2024 01:10:07 Europe/Berlin] PHP Warning:  ini_set(): Session ini settings cannot be changed when a session is active in C:\xampp\htdocs\shoop\controller\cpancon.php on line 4
[14-Dec-2024 01:10:07 Europe/Berlin] PHP Notice:  session_start(): Ignoring session_start() because a session is already active in C:\xampp\htdocs\shoop\controller\cpancon.php on line 5
[14-Dec-2024 01:10:07 Europe/Berlin] PHP Warning:  Undefined variable $totalResults in C:\xampp\htdocs\shoop\controller\cpancon.php on line 52
[14-Dec-2024 01:10:07 Europe/Berlin] PHP Warning:  Undefined variable $totalResults in C:\xampp\htdocs\shoop\controller\cpancon.php on line 55
[14-Dec-2024 01:10:08 Europe/Berlin] PHP Warning:  ini_set(): Session ini settings cannot be changed when a session is active in C:\xampp\htdocs\shoop\controller\cpancon.php on line 2
[14-Dec-2024 01:10:08 Europe/Berlin] PHP Warning:  ini_set(): Session ini settings cannot be changed when a session is active in C:\xampp\htdocs\shoop\controller\cpancon.php on line 3
[14-Dec-2024 01:10:08 Europe/Berlin] PHP Warning:  ini_set(): Session ini settings cannot be changed when a session is active in C:\xampp\htdocs\shoop\controller\cpancon.php on line 4
[14-Dec-2024 01:10:08 Europe/Berlin] PHP Notice:  session_start(): Ignoring session_start() because a session is already active in C:\xampp\htdocs\shoop\controller\cpancon.php on line 5
[14-Dec-2024 01:10:08 Europe/Berlin] PHP Warning:  Undefined variable $totalResults in C:\xampp\htdocs\shoop\controller\cpancon.php on line 52
[14-Dec-2024 01:10:08 Europe/Berlin] PHP Warning:  Undefined variable $totalResults in C:\xampp\htdocs\shoop\controller\cpancon.php on line 55
[14-Dec-2024 01:11:53 Europe/Berlin] PHP Warning:  ini_set(): Session ini settings cannot be changed when a session is active in C:\xampp\htdocs\shoop\controller\cpancon.php on line 2
[14-Dec-2024 01:11:53 Europe/Berlin] PHP Warning:  ini_set(): Session ini settings cannot be changed when a session is active in C:\xampp\htdocs\shoop\controller\cpancon.php on line 3
[14-Dec-2024 01:11:53 Europe/Berlin] PHP Warning:  ini_set(): Session ini settings cannot be changed when a session is active in C:\xampp\htdocs\shoop\controller\cpancon.php on line 4
[14-Dec-2024 01:11:53 Europe/Berlin] PHP Notice:  session_start(): Ignoring session_start() because a session is already active in C:\xampp\htdocs\shoop\controller\cpancon.php on line 5
[14-Dec-2024 01:11:53 Europe/Berlin] PHP Warning:  Undefined variable $totalResults in C:\xampp\htdocs\shoop\controller\cpancon.php on line 52
[14-Dec-2024 01:11:53 Europe/Berlin] PHP Warning:  Undefined variable $totalResults in C:\xampp\htdocs\shoop\controller\cpancon.php on line 55
[14-Dec-2024 01:11:54 Europe/Berlin] PHP Warning:  ini_set(): Session ini settings cannot be changed when a session is active in C:\xampp\htdocs\shoop\controller\cpancon.php on line 2
[14-Dec-2024 01:11:54 Europe/Berlin] PHP Warning:  ini_set(): Session ini settings cannot be changed when a session is active in C:\xampp\htdocs\shoop\controller\cpancon.php on line 3
[14-Dec-2024 01:11:54 Europe/Berlin] PHP Warning:  ini_set(): Session ini settings cannot be changed when a session is active in C:\xampp\htdocs\shoop\controller\cpancon.php on line 4
[14-Dec-2024 01:11:54 Europe/Berlin] PHP Notice:  session_start(): Ignoring session_start() because a session is already active in C:\xampp\htdocs\shoop\controller\cpancon.php on line 5
[14-Dec-2024 01:11:54 Europe/Berlin] PHP Warning:  Undefined variable $totalResults in C:\xampp\htdocs\shoop\controller\cpancon.php on line 52
[14-Dec-2024 01:11:54 Europe/Berlin] PHP Warning:  Undefined variable $totalResults in C:\xampp\htdocs\shoop\controller\cpancon.php on line 55
[14-Dec-2024 01:19:38 Europe/Berlin] PHP Warning:  ini_set(): Session ini settings cannot be changed when a session is active in C:\xampp\htdocs\shoop\controller\cpancon.php on line 2
[14-Dec-2024 01:19:38 Europe/Berlin] PHP Warning:  ini_set(): Session ini settings cannot be changed when a session is active in C:\xampp\htdocs\shoop\controller\cpancon.php on line 3
[14-Dec-2024 01:19:38 Europe/Berlin] PHP Warning:  ini_set(): Session ini settings cannot be changed when a session is active in C:\xampp\htdocs\shoop\controller\cpancon.php on line 4
[14-Dec-2024 01:19:38 Europe/Berlin] PHP Notice:  session_start(): Ignoring session_start() because a session is already active in C:\xampp\htdocs\shoop\controller\cpancon.php on line 5
[14-Dec-2024 01:19:41 Europe/Berlin] PHP Warning:  ini_set(): Session ini settings cannot be changed when a session is active in C:\xampp\htdocs\shoop\controller\cpancon.php on line 2
[14-Dec-2024 01:19:41 Europe/Berlin] PHP Warning:  ini_set(): Session ini settings cannot be changed when a session is active in C:\xampp\htdocs\shoop\controller\cpancon.php on line 3
[14-Dec-2024 01:19:41 Europe/Berlin] PHP Warning:  ini_set(): Session ini settings cannot be changed when a session is active in C:\xampp\htdocs\shoop\controller\cpancon.php on line 4
[14-Dec-2024 01:19:41 Europe/Berlin] PHP Notice:  session_start(): Ignoring session_start() because a session is already active in C:\xampp\htdocs\shoop\controller\cpancon.php on line 5
[14-Dec-2024 01:19:43 Europe/Berlin] PHP Warning:  ini_set(): Session ini settings cannot be changed when a session is active in C:\xampp\htdocs\shoop\controller\cpancon.php on line 2
[14-Dec-2024 01:19:43 Europe/Berlin] PHP Warning:  ini_set(): Session ini settings cannot be changed when a session is active in C:\xampp\htdocs\shoop\controller\cpancon.php on line 3
[14-Dec-2024 01:19:43 Europe/Berlin] PHP Warning:  ini_set(): Session ini settings cannot be changed when a session is active in C:\xampp\htdocs\shoop\controller\cpancon.php on line 4
[14-Dec-2024 01:19:43 Europe/Berlin] PHP Notice:  session_start(): Ignoring session_start() because a session is already active in C:\xampp\htdocs\shoop\controller\cpancon.php on line 5
[14-Dec-2024 01:19:53 Europe/Berlin] PHP Warning:  ini_set(): Session ini settings cannot be changed when a session is active in C:\xampp\htdocs\shoop\controller\cpancon.php on line 2
[14-Dec-2024 01:19:53 Europe/Berlin] PHP Warning:  ini_set(): Session ini settings cannot be changed when a session is active in C:\xampp\htdocs\shoop\controller\cpancon.php on line 3
[14-Dec-2024 01:19:53 Europe/Berlin] PHP Warning:  ini_set(): Session ini settings cannot be changed when a session is active in C:\xampp\htdocs\shoop\controller\cpancon.php on line 4
[14-Dec-2024 01:19:53 Europe/Berlin] PHP Notice:  session_start(): Ignoring session_start() because a session is already active in C:\xampp\htdocs\shoop\controller\cpancon.php on line 5
[14-Dec-2024 01:20:10 Europe/Berlin] PHP Warning:  ini_set(): Session ini settings cannot be changed when a session is active in C:\xampp\htdocs\shoop\controller\cpancon.php on line 2
[14-Dec-2024 01:20:10 Europe/Berlin] PHP Warning:  ini_set(): Session ini settings cannot be changed when a session is active in C:\xampp\htdocs\shoop\controller\cpancon.php on line 3
[14-Dec-2024 01:20:10 Europe/Berlin] PHP Warning:  ini_set(): Session ini settings cannot be changed when a session is active in C:\xampp\htdocs\shoop\controller\cpancon.php on line 4
[14-Dec-2024 01:20:10 Europe/Berlin] PHP Notice:  session_start(): Ignoring session_start() because a session is already active in C:\xampp\htdocs\shoop\controller\cpancon.php on line 5
[14-Dec-2024 01:20:48 Europe/Berlin] PHP Warning:  ini_set(): Session ini settings cannot be changed when a session is active in C:\xampp\htdocs\shoop\controller\cpancon.php on line 2
[14-Dec-2024 01:20:48 Europe/Berlin] PHP Warning:  ini_set(): Session ini settings cannot be changed when a session is active in C:\xampp\htdocs\shoop\controller\cpancon.php on line 3
[14-Dec-2024 01:20:48 Europe/Berlin] PHP Warning:  ini_set(): Session ini settings cannot be changed when a session is active in C:\xampp\htdocs\shoop\controller\cpancon.php on line 4
[14-Dec-2024 01:20:48 Europe/Berlin] PHP Notice:  session_start(): Ignoring session_start() because a session is already active in C:\xampp\htdocs\shoop\controller\cpancon.php on line 5
[14-Dec-2024 01:20:49 Europe/Berlin] PHP Warning:  ini_set(): Session ini settings cannot be changed when a session is active in C:\xampp\htdocs\shoop\controller\cpancon.php on line 2
[14-Dec-2024 01:20:49 Europe/Berlin] PHP Warning:  ini_set(): Session ini settings cannot be changed when a session is active in C:\xampp\htdocs\shoop\controller\cpancon.php on line 3
[14-Dec-2024 01:20:49 Europe/Berlin] PHP Warning:  ini_set(): Session ini settings cannot be changed when a session is active in C:\xampp\htdocs\shoop\controller\cpancon.php on line 4
[14-Dec-2024 01:20:49 Europe/Berlin] PHP Notice:  session_start(): Ignoring session_start() because a session is already active in C:\xampp\htdocs\shoop\controller\cpancon.php on line 5
[14-Dec-2024 01:20:49 Europe/Berlin] PHP Warning:  ini_set(): Session ini settings cannot be changed when a session is active in C:\xampp\htdocs\shoop\controller\cpancon.php on line 2
[14-Dec-2024 01:20:49 Europe/Berlin] PHP Warning:  ini_set(): Session ini settings cannot be changed when a session is active in C:\xampp\htdocs\shoop\controller\cpancon.php on line 3
[14-Dec-2024 01:20:49 Europe/Berlin] PHP Warning:  ini_set(): Session ini settings cannot be changed when a session is active in C:\xampp\htdocs\shoop\controller\cpancon.php on line 4
[14-Dec-2024 01:20:49 Europe/Berlin] PHP Notice:  session_start(): Ignoring session_start() because a session is already active in C:\xampp\htdocs\shoop\controller\cpancon.php on line 5
[14-Dec-2024 01:20:49 Europe/Berlin] PHP Warning:  ini_set(): Session ini settings cannot be changed when a session is active in C:\xampp\htdocs\shoop\controller\cpancon.php on line 2
[14-Dec-2024 01:20:49 Europe/Berlin] PHP Warning:  ini_set(): Session ini settings cannot be changed when a session is active in C:\xampp\htdocs\shoop\controller\cpancon.php on line 3
[14-Dec-2024 01:20:49 Europe/Berlin] PHP Warning:  ini_set(): Session ini settings cannot be changed when a session is active in C:\xampp\htdocs\shoop\controller\cpancon.php on line 4
[14-Dec-2024 01:20:49 Europe/Berlin] PHP Notice:  session_start(): Ignoring session_start() because a session is already active in C:\xampp\htdocs\shoop\controller\cpancon.php on line 5
[14-Dec-2024 01:21:03 Europe/Berlin] PHP Warning:  ini_set(): Session ini settings cannot be changed when a session is active in C:\xampp\htdocs\shoop\controller\cpancon.php on line 2
[14-Dec-2024 01:21:03 Europe/Berlin] PHP Warning:  ini_set(): Session ini settings cannot be changed when a session is active in C:\xampp\htdocs\shoop\controller\cpancon.php on line 3
[14-Dec-2024 01:21:03 Europe/Berlin] PHP Warning:  ini_set(): Session ini settings cannot be changed when a session is active in C:\xampp\htdocs\shoop\controller\cpancon.php on line 4
[14-Dec-2024 01:21:03 Europe/Berlin] PHP Notice:  session_start(): Ignoring session_start() because a session is already active in C:\xampp\htdocs\shoop\controller\cpancon.php on line 5
[14-Dec-2024 01:21:05 Europe/Berlin] PHP Warning:  ini_set(): Session ini settings cannot be changed when a session is active in C:\xampp\htdocs\shoop\controller\cpancon.php on line 2
[14-Dec-2024 01:21:05 Europe/Berlin] PHP Warning:  ini_set(): Session ini settings cannot be changed when a session is active in C:\xampp\htdocs\shoop\controller\cpancon.php on line 3
[14-Dec-2024 01:21:05 Europe/Berlin] PHP Warning:  ini_set(): Session ini settings cannot be changed when a session is active in C:\xampp\htdocs\shoop\controller\cpancon.php on line 4
[14-Dec-2024 01:21:05 Europe/Berlin] PHP Notice:  session_start(): Ignoring session_start() because a session is already active in C:\xampp\htdocs\shoop\controller\cpancon.php on line 5
[14-Dec-2024 01:28:57 Europe/Berlin] PHP Warning:  ini_set(): Session ini settings cannot be changed when a session is active in C:\xampp\htdocs\shoop\controller\cpancon.php on line 2
[14-Dec-2024 01:28:57 Europe/Berlin] PHP Warning:  ini_set(): Session ini settings cannot be changed when a session is active in C:\xampp\htdocs\shoop\controller\cpancon.php on line 3
[14-Dec-2024 01:28:57 Europe/Berlin] PHP Warning:  ini_set(): Session ini settings cannot be changed when a session is active in C:\xampp\htdocs\shoop\controller\cpancon.php on line 4
[14-Dec-2024 01:28:57 Europe/Berlin] PHP Notice:  session_start(): Ignoring session_start() because a session is already active in C:\xampp\htdocs\shoop\controller\cpancon.php on line 5
[14-Dec-2024 01:28:58 Europe/Berlin] PHP Warning:  ini_set(): Session ini settings cannot be changed when a session is active in C:\xampp\htdocs\shoop\controller\cpancon.php on line 2
[14-Dec-2024 01:28:58 Europe/Berlin] PHP Warning:  ini_set(): Session ini settings cannot be changed when a session is active in C:\xampp\htdocs\shoop\controller\cpancon.php on line 3
[14-Dec-2024 01:28:58 Europe/Berlin] PHP Warning:  ini_set(): Session ini settings cannot be changed when a session is active in C:\xampp\htdocs\shoop\controller\cpancon.php on line 4
[14-Dec-2024 01:28:58 Europe/Berlin] PHP Notice:  session_start(): Ignoring session_start() because a session is already active in C:\xampp\htdocs\shoop\controller\cpancon.php on line 5
[14-Dec-2024 01:35:26 Europe/Berlin] PHP Warning:  ini_set(): Session ini settings cannot be changed when a session is active in C:\xampp\htdocs\shoop\controller\cpancon.php on line 2
[14-Dec-2024 01:35:26 Europe/Berlin] PHP Warning:  ini_set(): Session ini settings cannot be changed when a session is active in C:\xampp\htdocs\shoop\controller\cpancon.php on line 3
[14-Dec-2024 01:35:26 Europe/Berlin] PHP Warning:  ini_set(): Session ini settings cannot be changed when a session is active in C:\xampp\htdocs\shoop\controller\cpancon.php on line 4
[14-Dec-2024 01:35:26 Europe/Berlin] PHP Notice:  session_start(): Ignoring session_start() because a session is already active in C:\xampp\htdocs\shoop\controller\cpancon.php on line 5
[14-Dec-2024 01:35:26 Europe/Berlin] PHP Warning:  Undefined array key "imgpro" in C:\xampp\htdocs\shoop\controller\cpancon.php on line 64
[14-Dec-2024 01:35:26 Europe/Berlin] PHP Warning:  Trying to access array offset on value of type null in C:\xampp\htdocs\shoop\controller\cpancon.php on line 64
[14-Dec-2024 01:35:26 Europe/Berlin] PHP Warning:  Trying to access array offset on value of type null in C:\xampp\htdocs\shoop\controller\cpancon.php on line 64
[14-Dec-2024 01:35:27 Europe/Berlin] PHP Warning:  ini_set(): Session ini settings cannot be changed when a session is active in C:\xampp\htdocs\shoop\controller\cpancon.php on line 2
[14-Dec-2024 01:35:27 Europe/Berlin] PHP Warning:  ini_set(): Session ini settings cannot be changed when a session is active in C:\xampp\htdocs\shoop\controller\cpancon.php on line 3
[14-Dec-2024 01:35:27 Europe/Berlin] PHP Warning:  ini_set(): Session ini settings cannot be changed when a session is active in C:\xampp\htdocs\shoop\controller\cpancon.php on line 4
[14-Dec-2024 01:35:27 Europe/Berlin] PHP Notice:  session_start(): Ignoring session_start() because a session is already active in C:\xampp\htdocs\shoop\controller\cpancon.php on line 5
[14-Dec-2024 01:35:27 Europe/Berlin] PHP Warning:  Undefined array key "imgpro" in C:\xampp\htdocs\shoop\controller\cpancon.php on line 64
[14-Dec-2024 01:35:27 Europe/Berlin] PHP Warning:  Trying to access array offset on value of type null in C:\xampp\htdocs\shoop\controller\cpancon.php on line 64
[14-Dec-2024 01:35:27 Europe/Berlin] PHP Warning:  Trying to access array offset on value of type null in C:\xampp\htdocs\shoop\controller\cpancon.php on line 64
[14-Dec-2024 01:35:28 Europe/Berlin] PHP Warning:  ini_set(): Session ini settings cannot be changed when a session is active in C:\xampp\htdocs\shoop\controller\cpancon.php on line 2
[14-Dec-2024 01:35:28 Europe/Berlin] PHP Warning:  ini_set(): Session ini settings cannot be changed when a session is active in C:\xampp\htdocs\shoop\controller\cpancon.php on line 3
[14-Dec-2024 01:35:28 Europe/Berlin] PHP Warning:  ini_set(): Session ini settings cannot be changed when a session is active in C:\xampp\htdocs\shoop\controller\cpancon.php on line 4
[14-Dec-2024 01:35:28 Europe/Berlin] PHP Notice:  session_start(): Ignoring session_start() because a session is already active in C:\xampp\htdocs\shoop\controller\cpancon.php on line 5
[14-Dec-2024 01:35:28 Europe/Berlin] PHP Warning:  Undefined array key "imgpro" in C:\xampp\htdocs\shoop\controller\cpancon.php on line 64
[14-Dec-2024 01:35:28 Europe/Berlin] PHP Warning:  Trying to access array offset on value of type null in C:\xampp\htdocs\shoop\controller\cpancon.php on line 64
[14-Dec-2024 01:35:28 Europe/Berlin] PHP Warning:  Trying to access array offset on value of type null in C:\xampp\htdocs\shoop\controller\cpancon.php on line 64
[14-Dec-2024 01:35:28 Europe/Berlin] PHP Warning:  ini_set(): Session ini settings cannot be changed when a session is active in C:\xampp\htdocs\shoop\controller\cpancon.php on line 2
[14-Dec-2024 01:35:28 Europe/Berlin] PHP Warning:  ini_set(): Session ini settings cannot be changed when a session is active in C:\xampp\htdocs\shoop\controller\cpancon.php on line 3
[14-Dec-2024 01:35:28 Europe/Berlin] PHP Warning:  ini_set(): Session ini settings cannot be changed when a session is active in C:\xampp\htdocs\shoop\controller\cpancon.php on line 4
[14-Dec-2024 01:35:28 Europe/Berlin] PHP Notice:  session_start(): Ignoring session_start() because a session is already active in C:\xampp\htdocs\shoop\controller\cpancon.php on line 5
[14-Dec-2024 01:35:28 Europe/Berlin] PHP Warning:  Undefined array key "imgpro" in C:\xampp\htdocs\shoop\controller\cpancon.php on line 64
[14-Dec-2024 01:35:28 Europe/Berlin] PHP Warning:  Trying to access array offset on value of type null in C:\xampp\htdocs\shoop\controller\cpancon.php on line 64
[14-Dec-2024 01:35:28 Europe/Berlin] PHP Warning:  Trying to access array offset on value of type null in C:\xampp\htdocs\shoop\controller\cpancon.php on line 64
[14-Dec-2024 01:35:29 Europe/Berlin] PHP Warning:  ini_set(): Session ini settings cannot be changed when a session is active in C:\xampp\htdocs\shoop\controller\cpancon.php on line 2
[14-Dec-2024 01:35:29 Europe/Berlin] PHP Warning:  ini_set(): Session ini settings cannot be changed when a session is active in C:\xampp\htdocs\shoop\controller\cpancon.php on line 3
[14-Dec-2024 01:35:29 Europe/Berlin] PHP Warning:  ini_set(): Session ini settings cannot be changed when a session is active in C:\xampp\htdocs\shoop\controller\cpancon.php on line 4
[14-Dec-2024 01:35:29 Europe/Berlin] PHP Notice:  session_start(): Ignoring session_start() because a session is already active in C:\xampp\htdocs\shoop\controller\cpancon.php on line 5
[14-Dec-2024 01:35:29 Europe/Berlin] PHP Warning:  Undefined array key "imgpro" in C:\xampp\htdocs\shoop\controller\cpancon.php on line 64
[14-Dec-2024 01:35:29 Europe/Berlin] PHP Warning:  Trying to access array offset on value of type null in C:\xampp\htdocs\shoop\controller\cpancon.php on line 64
[14-Dec-2024 01:35:29 Europe/Berlin] PHP Warning:  Trying to access array offset on value of type null in C:\xampp\htdocs\shoop\controller\cpancon.php on line 64
[14-Dec-2024 01:35:32 Europe/Berlin] PHP Warning:  ini_set(): Session ini settings cannot be changed when a session is active in C:\xampp\htdocs\shoop\controller\cpancon.php on line 2
[14-Dec-2024 01:35:32 Europe/Berlin] PHP Warning:  ini_set(): Session ini settings cannot be changed when a session is active in C:\xampp\htdocs\shoop\controller\cpancon.php on line 3
[14-Dec-2024 01:35:32 Europe/Berlin] PHP Warning:  ini_set(): Session ini settings cannot be changed when a session is active in C:\xampp\htdocs\shoop\controller\cpancon.php on line 4
[14-Dec-2024 01:35:32 Europe/Berlin] PHP Notice:  session_start(): Ignoring session_start() because a session is already active in C:\xampp\htdocs\shoop\controller\cpancon.php on line 5
[14-Dec-2024 01:35:32 Europe/Berlin] PHP Warning:  Undefined array key "imgpro" in C:\xampp\htdocs\shoop\controller\cpancon.php on line 64
[14-Dec-2024 01:35:32 Europe/Berlin] PHP Warning:  Trying to access array offset on value of type null in C:\xampp\htdocs\shoop\controller\cpancon.php on line 64
[14-Dec-2024 01:35:32 Europe/Berlin] PHP Warning:  Trying to access array offset on value of type null in C:\xampp\htdocs\shoop\controller\cpancon.php on line 64
[14-Dec-2024 01:35:59 Europe/Berlin] PHP Warning:  ini_set(): Session ini settings cannot be changed when a session is active in C:\xampp\htdocs\shoop\controller\cpancon.php on line 2
[14-Dec-2024 01:35:59 Europe/Berlin] PHP Warning:  ini_set(): Session ini settings cannot be changed when a session is active in C:\xampp\htdocs\shoop\controller\cpancon.php on line 3
[14-Dec-2024 01:35:59 Europe/Berlin] PHP Warning:  ini_set(): Session ini settings cannot be changed when a session is active in C:\xampp\htdocs\shoop\controller\cpancon.php on line 4
[14-Dec-2024 01:35:59 Europe/Berlin] PHP Notice:  session_start(): Ignoring session_start() because a session is already active in C:\xampp\htdocs\shoop\controller\cpancon.php on line 5
[14-Dec-2024 01:35:59 Europe/Berlin] PHP Warning:  Undefined array key "imgpro" in C:\xampp\htdocs\shoop\controller\cpancon.php on line 64
[14-Dec-2024 01:35:59 Europe/Berlin] PHP Warning:  Trying to access array offset on value of type null in C:\xampp\htdocs\shoop\controller\cpancon.php on line 64
[14-Dec-2024 01:35:59 Europe/Berlin] PHP Warning:  Trying to access array offset on value of type null in C:\xampp\htdocs\shoop\controller\cpancon.php on line 64
[14-Dec-2024 01:36:31 Europe/Berlin] PHP Warning:  ini_set(): Session ini settings cannot be changed when a session is active in C:\xampp\htdocs\shoop\controller\cpancon.php on line 2
[14-Dec-2024 01:36:31 Europe/Berlin] PHP Warning:  ini_set(): Session ini settings cannot be changed when a session is active in C:\xampp\htdocs\shoop\controller\cpancon.php on line 3
[14-Dec-2024 01:36:31 Europe/Berlin] PHP Warning:  ini_set(): Session ini settings cannot be changed when a session is active in C:\xampp\htdocs\shoop\controller\cpancon.php on line 4
[14-Dec-2024 01:36:31 Europe/Berlin] PHP Notice:  session_start(): Ignoring session_start() because a session is already active in C:\xampp\htdocs\shoop\controller\cpancon.php on line 5
[14-Dec-2024 01:36:32 Europe/Berlin] PHP Warning:  Undefined array key "imgpro" in C:\xampp\htdocs\shoop\controller\cpancon.php on line 64
[14-Dec-2024 01:36:32 Europe/Berlin] PHP Warning:  Trying to access array offset on value of type null in C:\xampp\htdocs\shoop\controller\cpancon.php on line 64
[14-Dec-2024 01:36:32 Europe/Berlin] PHP Warning:  Trying to access array offset on value of type null in C:\xampp\htdocs\shoop\controller\cpancon.php on line 64
[14-Dec-2024 01:36:33 Europe/Berlin] PHP Warning:  ini_set(): Session ini settings cannot be changed when a session is active in C:\xampp\htdocs\shoop\controller\cpancon.php on line 2
[14-Dec-2024 01:36:33 Europe/Berlin] PHP Warning:  ini_set(): Session ini settings cannot be changed when a session is active in C:\xampp\htdocs\shoop\controller\cpancon.php on line 3
[14-Dec-2024 01:36:33 Europe/Berlin] PHP Warning:  ini_set(): Session ini settings cannot be changed when a session is active in C:\xampp\htdocs\shoop\controller\cpancon.php on line 4
[14-Dec-2024 01:36:33 Europe/Berlin] PHP Notice:  session_start(): Ignoring session_start() because a session is already active in C:\xampp\htdocs\shoop\controller\cpancon.php on line 5
[14-Dec-2024 01:36:33 Europe/Berlin] PHP Warning:  Undefined array key "imgpro" in C:\xampp\htdocs\shoop\controller\cpancon.php on line 64
[14-Dec-2024 01:36:33 Europe/Berlin] PHP Warning:  Trying to access array offset on value of type null in C:\xampp\htdocs\shoop\controller\cpancon.php on line 64
[14-Dec-2024 01:36:33 Europe/Berlin] PHP Warning:  Trying to access array offset on value of type null in C:\xampp\htdocs\shoop\controller\cpancon.php on line 64
[14-Dec-2024 01:36:33 Europe/Berlin] PHP Warning:  ini_set(): Session ini settings cannot be changed when a session is active in C:\xampp\htdocs\shoop\controller\cpancon.php on line 2
[14-Dec-2024 01:36:33 Europe/Berlin] PHP Warning:  ini_set(): Session ini settings cannot be changed when a session is active in C:\xampp\htdocs\shoop\controller\cpancon.php on line 3
[14-Dec-2024 01:36:33 Europe/Berlin] PHP Warning:  ini_set(): Session ini settings cannot be changed when a session is active in C:\xampp\htdocs\shoop\controller\cpancon.php on line 4
[14-Dec-2024 01:36:33 Europe/Berlin] PHP Notice:  session_start(): Ignoring session_start() because a session is already active in C:\xampp\htdocs\shoop\controller\cpancon.php on line 5
[14-Dec-2024 01:36:33 Europe/Berlin] PHP Warning:  Undefined array key "imgpro" in C:\xampp\htdocs\shoop\controller\cpancon.php on line 64
[14-Dec-2024 01:36:33 Europe/Berlin] PHP Warning:  Trying to access array offset on value of type null in C:\xampp\htdocs\shoop\controller\cpancon.php on line 64
[14-Dec-2024 01:36:33 Europe/Berlin] PHP Warning:  Trying to access array offset on value of type null in C:\xampp\htdocs\shoop\controller\cpancon.php on line 64
[14-Dec-2024 01:36:51 Europe/Berlin] PHP Warning:  ini_set(): Session ini settings cannot be changed when a session is active in C:\xampp\htdocs\shoop\controller\cpancon.php on line 2
[14-Dec-2024 01:36:51 Europe/Berlin] PHP Warning:  ini_set(): Session ini settings cannot be changed when a session is active in C:\xampp\htdocs\shoop\controller\cpancon.php on line 3
[14-Dec-2024 01:36:51 Europe/Berlin] PHP Warning:  ini_set(): Session ini settings cannot be changed when a session is active in C:\xampp\htdocs\shoop\controller\cpancon.php on line 4
[14-Dec-2024 01:36:51 Europe/Berlin] PHP Notice:  session_start(): Ignoring session_start() because a session is already active in C:\xampp\htdocs\shoop\controller\cpancon.php on line 5
[14-Dec-2024 01:36:51 Europe/Berlin] PHP Warning:  Undefined array key "imgpro" in C:\xampp\htdocs\shoop\controller\cpancon.php on line 64
[14-Dec-2024 01:36:51 Europe/Berlin] PHP Warning:  Trying to access array offset on value of type null in C:\xampp\htdocs\shoop\controller\cpancon.php on line 64
[14-Dec-2024 01:36:51 Europe/Berlin] PHP Warning:  Trying to access array offset on value of type null in C:\xampp\htdocs\shoop\controller\cpancon.php on line 64
[14-Dec-2024 01:36:55 Europe/Berlin] PHP Warning:  ini_set(): Session ini settings cannot be changed when a session is active in C:\xampp\htdocs\shoop\controller\cpancon.php on line 2
[14-Dec-2024 01:36:55 Europe/Berlin] PHP Warning:  ini_set(): Session ini settings cannot be changed when a session is active in C:\xampp\htdocs\shoop\controller\cpancon.php on line 3
[14-Dec-2024 01:36:55 Europe/Berlin] PHP Warning:  ini_set(): Session ini settings cannot be changed when a session is active in C:\xampp\htdocs\shoop\controller\cpancon.php on line 4
[14-Dec-2024 01:36:55 Europe/Berlin] PHP Notice:  session_start(): Ignoring session_start() because a session is already active in C:\xampp\htdocs\shoop\controller\cpancon.php on line 5
[14-Dec-2024 01:36:55 Europe/Berlin] PHP Warning:  Undefined array key "imgpro" in C:\xampp\htdocs\shoop\controller\cpancon.php on line 64
[14-Dec-2024 01:36:55 Europe/Berlin] PHP Warning:  Trying to access array offset on value of type null in C:\xampp\htdocs\shoop\controller\cpancon.php on line 64
[14-Dec-2024 01:36:55 Europe/Berlin] PHP Warning:  Trying to access array offset on value of type null in C:\xampp\htdocs\shoop\controller\cpancon.php on line 64
[14-Dec-2024 01:37:36 Europe/Berlin] PHP Warning:  ini_set(): Session ini settings cannot be changed when a session is active in C:\xampp\htdocs\shoop\controller\cpancon.php on line 2
[14-Dec-2024 01:37:36 Europe/Berlin] PHP Warning:  ini_set(): Session ini settings cannot be changed when a session is active in C:\xampp\htdocs\shoop\controller\cpancon.php on line 3
[14-Dec-2024 01:37:36 Europe/Berlin] PHP Warning:  ini_set(): Session ini settings cannot be changed when a session is active in C:\xampp\htdocs\shoop\controller\cpancon.php on line 4
[14-Dec-2024 01:37:36 Europe/Berlin] PHP Notice:  session_start(): Ignoring session_start() because a session is already active in C:\xampp\htdocs\shoop\controller\cpancon.php on line 5
[14-Dec-2024 01:37:40 Europe/Berlin] PHP Warning:  ini_set(): Session ini settings cannot be changed when a session is active in C:\xampp\htdocs\shoop\controller\cpancon.php on line 2
[14-Dec-2024 01:37:40 Europe/Berlin] PHP Warning:  ini_set(): Session ini settings cannot be changed when a session is active in C:\xampp\htdocs\shoop\controller\cpancon.php on line 3
[14-Dec-2024 01:37:40 Europe/Berlin] PHP Warning:  ini_set(): Session ini settings cannot be changed when a session is active in C:\xampp\htdocs\shoop\controller\cpancon.php on line 4
[14-Dec-2024 01:37:40 Europe/Berlin] PHP Notice:  session_start(): Ignoring session_start() because a session is already active in C:\xampp\htdocs\shoop\controller\cpancon.php on line 5
[14-Dec-2024 01:37:42 Europe/Berlin] PHP Warning:  ini_set(): Session ini settings cannot be changed when a session is active in C:\xampp\htdocs\shoop\controller\cpancon.php on line 2
[14-Dec-2024 01:37:42 Europe/Berlin] PHP Warning:  ini_set(): Session ini settings cannot be changed when a session is active in C:\xampp\htdocs\shoop\controller\cpancon.php on line 3
[14-Dec-2024 01:37:42 Europe/Berlin] PHP Warning:  ini_set(): Session ini settings cannot be changed when a session is active in C:\xampp\htdocs\shoop\controller\cpancon.php on line 4
[14-Dec-2024 01:37:42 Europe/Berlin] PHP Notice:  session_start(): Ignoring session_start() because a session is already active in C:\xampp\htdocs\shoop\controller\cpancon.php on line 5
[14-Dec-2024 01:38:02 Europe/Berlin] PHP Warning:  ini_set(): Session ini settings cannot be changed when a session is active in C:\xampp\htdocs\shoop\controller\cpancon.php on line 2
[14-Dec-2024 01:38:02 Europe/Berlin] PHP Warning:  ini_set(): Session ini settings cannot be changed when a session is active in C:\xampp\htdocs\shoop\controller\cpancon.php on line 3
[14-Dec-2024 01:38:02 Europe/Berlin] PHP Warning:  ini_set(): Session ini settings cannot be changed when a session is active in C:\xampp\htdocs\shoop\controller\cpancon.php on line 4
[14-Dec-2024 01:38:02 Europe/Berlin] PHP Notice:  session_start(): Ignoring session_start() because a session is already active in C:\xampp\htdocs\shoop\controller\cpancon.php on line 5
[14-Dec-2024 01:38:05 Europe/Berlin] PHP Warning:  ini_set(): Session ini settings cannot be changed when a session is active in C:\xampp\htdocs\shoop\controller\cpancon.php on line 2
[14-Dec-2024 01:38:05 Europe/Berlin] PHP Warning:  ini_set(): Session ini settings cannot be changed when a session is active in C:\xampp\htdocs\shoop\controller\cpancon.php on line 3
[14-Dec-2024 01:38:05 Europe/Berlin] PHP Warning:  ini_set(): Session ini settings cannot be changed when a session is active in C:\xampp\htdocs\shoop\controller\cpancon.php on line 4
[14-Dec-2024 01:38:05 Europe/Berlin] PHP Notice:  session_start(): Ignoring session_start() because a session is already active in C:\xampp\htdocs\shoop\controller\cpancon.php on line 5
[14-Dec-2024 01:38:06 Europe/Berlin] PHP Warning:  ini_set(): Session ini settings cannot be changed when a session is active in C:\xampp\htdocs\shoop\controller\cpancon.php on line 2
[14-Dec-2024 01:38:06 Europe/Berlin] PHP Warning:  ini_set(): Session ini settings cannot be changed when a session is active in C:\xampp\htdocs\shoop\controller\cpancon.php on line 3
[14-Dec-2024 01:38:06 Europe/Berlin] PHP Warning:  ini_set(): Session ini settings cannot be changed when a session is active in C:\xampp\htdocs\shoop\controller\cpancon.php on line 4
[14-Dec-2024 01:38:06 Europe/Berlin] PHP Notice:  session_start(): Ignoring session_start() because a session is already active in C:\xampp\htdocs\shoop\controller\cpancon.php on line 5
[14-Dec-2024 01:38:07 Europe/Berlin] PHP Warning:  ini_set(): Session ini settings cannot be changed when a session is active in C:\xampp\htdocs\shoop\controller\cpancon.php on line 2
[14-Dec-2024 01:38:07 Europe/Berlin] PHP Warning:  ini_set(): Session ini settings cannot be changed when a session is active in C:\xampp\htdocs\shoop\controller\cpancon.php on line 3
[14-Dec-2024 01:38:07 Europe/Berlin] PHP Warning:  ini_set(): Session ini settings cannot be changed when a session is active in C:\xampp\htdocs\shoop\controller\cpancon.php on line 4
[14-Dec-2024 01:38:07 Europe/Berlin] PHP Notice:  session_start(): Ignoring session_start() because a session is already active in C:\xampp\htdocs\shoop\controller\cpancon.php on line 5
[14-Dec-2024 01:38:07 Europe/Berlin] PHP Warning:  ini_set(): Session ini settings cannot be changed when a session is active in C:\xampp\htdocs\shoop\controller\cpancon.php on line 2
[14-Dec-2024 01:38:07 Europe/Berlin] PHP Warning:  ini_set(): Session ini settings cannot be changed when a session is active in C:\xampp\htdocs\shoop\controller\cpancon.php on line 3
[14-Dec-2024 01:38:07 Europe/Berlin] PHP Warning:  ini_set(): Session ini settings cannot be changed when a session is active in C:\xampp\htdocs\shoop\controller\cpancon.php on line 4
[14-Dec-2024 01:38:07 Europe/Berlin] PHP Notice:  session_start(): Ignoring session_start() because a session is already active in C:\xampp\htdocs\shoop\controller\cpancon.php on line 5
[14-Dec-2024 01:38:08 Europe/Berlin] PHP Warning:  ini_set(): Session ini settings cannot be changed when a session is active in C:\xampp\htdocs\shoop\controller\cpancon.php on line 2
[14-Dec-2024 01:38:08 Europe/Berlin] PHP Warning:  ini_set(): Session ini settings cannot be changed when a session is active in C:\xampp\htdocs\shoop\controller\cpancon.php on line 3
[14-Dec-2024 01:38:08 Europe/Berlin] PHP Warning:  ini_set(): Session ini settings cannot be changed when a session is active in C:\xampp\htdocs\shoop\controller\cpancon.php on line 4
[14-Dec-2024 01:38:08 Europe/Berlin] PHP Notice:  session_start(): Ignoring session_start() because a session is already active in C:\xampp\htdocs\shoop\controller\cpancon.php on line 5
[14-Dec-2024 01:38:08 Europe/Berlin] PHP Warning:  ini_set(): Session ini settings cannot be changed when a session is active in C:\xampp\htdocs\shoop\controller\cpancon.php on line 2
[14-Dec-2024 01:38:08 Europe/Berlin] PHP Warning:  ini_set(): Session ini settings cannot be changed when a session is active in C:\xampp\htdocs\shoop\controller\cpancon.php on line 3
[14-Dec-2024 01:38:08 Europe/Berlin] PHP Warning:  ini_set(): Session ini settings cannot be changed when a session is active in C:\xampp\htdocs\shoop\controller\cpancon.php on line 4
[14-Dec-2024 01:38:08 Europe/Berlin] PHP Notice:  session_start(): Ignoring session_start() because a session is already active in C:\xampp\htdocs\shoop\controller\cpancon.php on line 5
[14-Dec-2024 01:38:21 Europe/Berlin] PHP Warning:  ini_set(): Session ini settings cannot be changed when a session is active in C:\xampp\htdocs\shoop\controller\cpancon.php on line 2
[14-Dec-2024 01:38:21 Europe/Berlin] PHP Warning:  ini_set(): Session ini settings cannot be changed when a session is active in C:\xampp\htdocs\shoop\controller\cpancon.php on line 3
[14-Dec-2024 01:38:21 Europe/Berlin] PHP Warning:  ini_set(): Session ini settings cannot be changed when a session is active in C:\xampp\htdocs\shoop\controller\cpancon.php on line 4
[14-Dec-2024 01:38:21 Europe/Berlin] PHP Notice:  session_start(): Ignoring session_start() because a session is already active in C:\xampp\htdocs\shoop\controller\cpancon.php on line 5
[14-Dec-2024 01:38:49 Europe/Berlin] PHP Warning:  ini_set(): Session ini settings cannot be changed when a session is active in C:\xampp\htdocs\shoop\controller\cpancon.php on line 2
[14-Dec-2024 01:38:49 Europe/Berlin] PHP Warning:  ini_set(): Session ini settings cannot be changed when a session is active in C:\xampp\htdocs\shoop\controller\cpancon.php on line 3
[14-Dec-2024 01:38:49 Europe/Berlin] PHP Warning:  ini_set(): Session ini settings cannot be changed when a session is active in C:\xampp\htdocs\shoop\controller\cpancon.php on line 4
[14-Dec-2024 01:38:49 Europe/Berlin] PHP Notice:  session_start(): Ignoring session_start() because a session is already active in C:\xampp\htdocs\shoop\controller\cpancon.php on line 5
[14-Dec-2024 01:39:36 Europe/Berlin] PHP Warning:  ini_set(): Session ini settings cannot be changed when a session is active in C:\xampp\htdocs\shoop\controller\cpancon.php on line 2
[14-Dec-2024 01:39:36 Europe/Berlin] PHP Warning:  ini_set(): Session ini settings cannot be changed when a session is active in C:\xampp\htdocs\shoop\controller\cpancon.php on line 3
[14-Dec-2024 01:39:36 Europe/Berlin] PHP Warning:  ini_set(): Session ini settings cannot be changed when a session is active in C:\xampp\htdocs\shoop\controller\cpancon.php on line 4
[14-Dec-2024 01:39:36 Europe/Berlin] PHP Notice:  session_start(): Ignoring session_start() because a session is already active in C:\xampp\htdocs\shoop\controller\cpancon.php on line 5
[14-Dec-2024 01:40:10 Europe/Berlin] PHP Warning:  ini_set(): Session ini settings cannot be changed when a session is active in C:\xampp\htdocs\shoop\controller\cpancon.php on line 2
[14-Dec-2024 01:40:10 Europe/Berlin] PHP Warning:  ini_set(): Session ini settings cannot be changed when a session is active in C:\xampp\htdocs\shoop\controller\cpancon.php on line 3
[14-Dec-2024 01:40:10 Europe/Berlin] PHP Warning:  ini_set(): Session ini settings cannot be changed when a session is active in C:\xampp\htdocs\shoop\controller\cpancon.php on line 4
[14-Dec-2024 01:40:10 Europe/Berlin] PHP Notice:  session_start(): Ignoring session_start() because a session is already active in C:\xampp\htdocs\shoop\controller\cpancon.php on line 5
[14-Dec-2024 01:40:23 Europe/Berlin] PHP Warning:  ini_set(): Session ini settings cannot be changed when a session is active in C:\xampp\htdocs\shoop\controller\cpancon.php on line 2
[14-Dec-2024 01:40:23 Europe/Berlin] PHP Warning:  ini_set(): Session ini settings cannot be changed when a session is active in C:\xampp\htdocs\shoop\controller\cpancon.php on line 3
[14-Dec-2024 01:40:23 Europe/Berlin] PHP Warning:  ini_set(): Session ini settings cannot be changed when a session is active in C:\xampp\htdocs\shoop\controller\cpancon.php on line 4
[14-Dec-2024 01:40:23 Europe/Berlin] PHP Notice:  session_start(): Ignoring session_start() because a session is already active in C:\xampp\htdocs\shoop\controller\cpancon.php on line 5
[21-Dec-2024 15:20:38 Europe/Berlin] PHP Warning:  ini_set(): Session ini settings cannot be changed when a session is active in C:\xampp\htdocs\shoop\controller\cpancon.php on line 2
[21-Dec-2024 15:20:38 Europe/Berlin] PHP Warning:  ini_set(): Session ini settings cannot be changed when a session is active in C:\xampp\htdocs\shoop\controller\cpancon.php on line 3
[21-Dec-2024 15:20:38 Europe/Berlin] PHP Warning:  ini_set(): Session ini settings cannot be changed when a session is active in C:\xampp\htdocs\shoop\controller\cpancon.php on line 4
[21-Dec-2024 15:20:38 Europe/Berlin] PHP Notice:  session_start(): Ignoring session_start() because a session is already active in C:\xampp\htdocs\shoop\controller\cpancon.php on line 5
[21-Dec-2024 15:20:38 Europe/Berlin] PHP Warning:  Undefined variable $totalResults in C:\xampp\htdocs\shoop\controller\cpancon.php on line 52
[21-Dec-2024 15:20:38 Europe/Berlin] PHP Warning:  Undefined variable $totalResults in C:\xampp\htdocs\shoop\controller\cpancon.php on line 55
[21-Dec-2024 15:21:15 Europe/Berlin] PHP Warning:  ini_set(): Session ini settings cannot be changed when a session is active in C:\xampp\htdocs\shoop\controller\cpancon.php on line 2
[21-Dec-2024 15:21:15 Europe/Berlin] PHP Warning:  ini_set(): Session ini settings cannot be changed when a session is active in C:\xampp\htdocs\shoop\controller\cpancon.php on line 3
[21-Dec-2024 15:21:15 Europe/Berlin] PHP Warning:  ini_set(): Session ini settings cannot be changed when a session is active in C:\xampp\htdocs\shoop\controller\cpancon.php on line 4
[21-Dec-2024 15:21:15 Europe/Berlin] PHP Notice:  session_start(): Ignoring session_start() because a session is already active in C:\xampp\htdocs\shoop\controller\cpancon.php on line 5
[21-Dec-2024 15:21:15 Europe/Berlin] PHP Warning:  Undefined array key "idprov" in C:\xampp\htdocs\shoop\controller\cpancon.php on line 40
[21-Dec-2024 15:21:15 Europe/Berlin] PHP Warning:  Undefined array key "idprov" in C:\xampp\htdocs\shoop\controller\cpancon.php on line 46
[21-Dec-2024 15:22:04 Europe/Berlin] PHP Warning:  ini_set(): Session ini settings cannot be changed when a session is active in C:\xampp\htdocs\shoop\controller\cpancon.php on line 2
[21-Dec-2024 15:22:04 Europe/Berlin] PHP Warning:  ini_set(): Session ini settings cannot be changed when a session is active in C:\xampp\htdocs\shoop\controller\cpancon.php on line 3
[21-Dec-2024 15:22:04 Europe/Berlin] PHP Warning:  ini_set(): Session ini settings cannot be changed when a session is active in C:\xampp\htdocs\shoop\controller\cpancon.php on line 4
[21-Dec-2024 15:22:04 Europe/Berlin] PHP Notice:  session_start(): Ignoring session_start() because a session is already active in C:\xampp\htdocs\shoop\controller\cpancon.php on line 5
[21-Dec-2024 15:22:04 Europe/Berlin] PHP Warning:  Undefined array key "idprov" in C:\xampp\htdocs\shoop\controller\cpancon.php on line 40
[21-Dec-2024 15:22:04 Europe/Berlin] PHP Warning:  Undefined array key "idprov" in C:\xampp\htdocs\shoop\controller\cpancon.php on line 46
[21-Dec-2024 15:26:17 Europe/Berlin] PHP Warning:  ini_set(): Session ini settings cannot be changed when a session is active in C:\xampp\htdocs\shoop\controller\cpancon.php on line 2
[21-Dec-2024 15:26:17 Europe/Berlin] PHP Warning:  ini_set(): Session ini settings cannot be changed when a session is active in C:\xampp\htdocs\shoop\controller\cpancon.php on line 3
[21-Dec-2024 15:26:17 Europe/Berlin] PHP Warning:  ini_set(): Session ini settings cannot be changed when a session is active in C:\xampp\htdocs\shoop\controller\cpancon.php on line 4
[21-Dec-2024 15:26:17 Europe/Berlin] PHP Notice:  session_start(): Ignoring session_start() because a session is already active in C:\xampp\htdocs\shoop\controller\cpancon.php on line 5
[21-Dec-2024 15:26:17 Europe/Berlin] PHP Warning:  Undefined array key "idprov" in C:\xampp\htdocs\shoop\controller\cpancon.php on line 40
[21-Dec-2024 15:26:17 Europe/Berlin] PHP Warning:  Undefined array key "idprov" in C:\xampp\htdocs\shoop\controller\cpancon.php on line 46
[21-Dec-2024 15:26:23 Europe/Berlin] PHP Warning:  ini_set(): Session ini settings cannot be changed when a session is active in C:\xampp\htdocs\shoop\controller\cpancon.php on line 2
[21-Dec-2024 15:26:23 Europe/Berlin] PHP Warning:  ini_set(): Session ini settings cannot be changed when a session is active in C:\xampp\htdocs\shoop\controller\cpancon.php on line 3
[21-Dec-2024 15:26:23 Europe/Berlin] PHP Warning:  ini_set(): Session ini settings cannot be changed when a session is active in C:\xampp\htdocs\shoop\controller\cpancon.php on line 4
[21-Dec-2024 15:26:23 Europe/Berlin] PHP Notice:  session_start(): Ignoring session_start() because a session is already active in C:\xampp\htdocs\shoop\controller\cpancon.php on line 5
[21-Dec-2024 15:26:23 Europe/Berlin] PHP Warning:  Undefined array key "idprov" in C:\xampp\htdocs\shoop\controller\cpancon.php on line 40
[21-Dec-2024 15:26:23 Europe/Berlin] PHP Warning:  Undefined array key "idprov" in C:\xampp\htdocs\shoop\controller\cpancon.php on line 46
[21-Dec-2024 15:26:55 Europe/Berlin] PHP Warning:  ini_set(): Session ini settings cannot be changed when a session is active in C:\xampp\htdocs\shoop\controller\cpancon.php on line 2
[21-Dec-2024 15:26:55 Europe/Berlin] PHP Warning:  ini_set(): Session ini settings cannot be changed when a session is active in C:\xampp\htdocs\shoop\controller\cpancon.php on line 3
[21-Dec-2024 15:26:55 Europe/Berlin] PHP Warning:  ini_set(): Session ini settings cannot be changed when a session is active in C:\xampp\htdocs\shoop\controller\cpancon.php on line 4
[21-Dec-2024 15:26:55 Europe/Berlin] PHP Notice:  session_start(): Ignoring session_start() because a session is already active in C:\xampp\htdocs\shoop\controller\cpancon.php on line 5
[21-Dec-2024 15:26:55 Europe/Berlin] PHP Warning:  Undefined array key "idprov" in C:\xampp\htdocs\shoop\controller\cpancon.php on line 40
[21-Dec-2024 15:26:55 Europe/Berlin] PHP Warning:  Undefined array key "idprov" in C:\xampp\htdocs\shoop\controller\cpancon.php on line 46
